{"timestamp":"2023-12-03 04:24:01.827","level":"info","message":"Listening Port 1200"}
{"timestamp":"2023-12-03 04:24:01.831","level":"info","message":"🎉 RSSHub start! Cheers!"}
{"timestamp":"2023-12-03 04:24:01.832","level":"info","message":"💖 Can you help keep this open source project alive? Please sponsor 👉 https://docs.rsshub.app/support"}
{"timestamp":"2023-12-03 04:24:51.504","level":"info","message":"/, user IP: ::ffff:127.0.0.1"}
{"timestamp":"2023-12-03 05:07:05.090","level":"info","message":"/skiff, user IP: ::ffff:127.0.0.1"}
{"timestamp":"2023-12-03 05:07:05.163","level":"error","message":"Error in /skiff: Error: wrong path\n    at module.exports (/Users/anthonyardisukotjo/Desktop/Github/RSSHub/lib/middleware/parameter.js:54:15)\n    at async module.exports (/Users/anthonyardisukotjo/Desktop/Github/RSSHub/lib/middleware/anti-hotlink.js:99:5)\n    at async module.exports (/Users/anthonyardisukotjo/Desktop/Github/RSSHub/lib/middleware/template.js:15:5)\n    at async /Users/anthonyardisukotjo/Desktop/Github/RSSHub/lib/middleware/api-response-handler.js:143:9\n    at async module.exports (/Users/anthonyardisukotjo/Desktop/Github/RSSHub/lib/middleware/api-template.js:2:5)\n    at async module.exports (/Users/anthonyardisukotjo/Desktop/Github/RSSHub/lib/middleware/utf8.js:4:5)\n    at async module.exports (/Users/anthonyardisukotjo/Desktop/Github/RSSHub/lib/middleware/header.js:21:5)\n    at async module.exports (/Users/anthonyardisukotjo/Desktop/Github/RSSHub/lib/middleware/debug.js:9:5)\n    at async grant (/Users/anthonyardisukotjo/Desktop/Github/RSSHub/lib/middleware/access-control.js:24:13)\n    at async module.exports (/Users/anthonyardisukotjo/Desktop/Github/RSSHub/lib/middleware/onerror.js:32:9)"}
{"timestamp":"2023-12-03 05:07:21.922","level":"info","message":"/skiff/blog, user IP: ::ffff:127.0.0.1"}
{"timestamp":"2023-12-03 05:07:21.982","level":"error","message":"Error in /skiff/blog: Error: wrong path\n    at module.exports (/Users/anthonyardisukotjo/Desktop/Github/RSSHub/lib/middleware/parameter.js:54:15)\n    at async module.exports (/Users/anthonyardisukotjo/Desktop/Github/RSSHub/lib/middleware/anti-hotlink.js:99:5)\n    at async module.exports (/Users/anthonyardisukotjo/Desktop/Github/RSSHub/lib/middleware/template.js:15:5)\n    at async /Users/anthonyardisukotjo/Desktop/Github/RSSHub/lib/middleware/api-response-handler.js:143:9\n    at async module.exports (/Users/anthonyardisukotjo/Desktop/Github/RSSHub/lib/middleware/api-template.js:2:5)\n    at async module.exports (/Users/anthonyardisukotjo/Desktop/Github/RSSHub/lib/middleware/utf8.js:4:5)\n    at async module.exports (/Users/anthonyardisukotjo/Desktop/Github/RSSHub/lib/middleware/header.js:21:5)\n    at async module.exports (/Users/anthonyardisukotjo/Desktop/Github/RSSHub/lib/middleware/debug.js:9:5)\n    at async grant (/Users/anthonyardisukotjo/Desktop/Github/RSSHub/lib/middleware/access-control.js:24:13)\n    at async module.exports (/Users/anthonyardisukotjo/Desktop/Github/RSSHub/lib/middleware/onerror.js:32:9)"}
{"timestamp":"2023-12-03 05:09:51.655","level":"info","message":"Listening Port 1200"}
{"timestamp":"2023-12-03 05:09:51.659","level":"info","message":"🎉 RSSHub start! Cheers!"}
{"timestamp":"2023-12-03 05:09:51.660","level":"info","message":"💖 Can you help keep this open source project alive? Please sponsor 👉 https://docs.rsshub.app/support"}
{"timestamp":"2023-12-03 05:09:56.819","level":"info","message":"/skiff/blog, user IP: ::ffff:127.0.0.1"}
{"timestamp":"2023-12-03 05:09:57.318","level":"error","message":"Error in /blog: Error: Empty sub-selector\n    at finalizeSubselector (/Users/anthonyardisukotjo/Desktop/Github/RSSHub/node_modules/css-what/lib/commonjs/parse.js:172:19)\n    at parseSelector (/Users/anthonyardisukotjo/Desktop/Github/RSSHub/node_modules/css-what/lib/commonjs/parse.js:423:5)\n    at parse (/Users/anthonyardisukotjo/Desktop/Github/RSSHub/node_modules/css-what/lib/commonjs/parse.js:83:20)\n    at Object.select (/Users/anthonyardisukotjo/Desktop/Github/RSSHub/node_modules/cheerio-select/lib/index.js:191:68)\n    at LoadedCheerio.find (/Users/anthonyardisukotjo/Desktop/Github/RSSHub/node_modules/cheerio/lib/api/traversing.js:90:30)\n    at initialize (/Users/anthonyardisukotjo/Desktop/Github/RSSHub/node_modules/cheerio/lib/load.js:156:34)\n    at module.exports (/Users/anthonyardisukotjo/Desktop/Github/RSSHub/lib/v2/skiff/blog.js:11:19)\n    at process.processTicksAndRejections (node:internal/process/task_queues:95:5)\n    at async /Users/anthonyardisukotjo/Desktop/Github/RSSHub/node_modules/koa-mount/index.js:58:5\n    at async /Users/anthonyardisukotjo/Desktop/Github/RSSHub/node_modules/koa-mount/index.js:52:26"}
{"timestamp":"2023-12-03 05:10:57.148","level":"info","message":"/skiff/blog, user IP: ::ffff:127.0.0.1"}
{"timestamp":"2023-12-03 05:10:57.569","level":"error","message":"Error in /blog: Error: Empty sub-selector\n    at finalizeSubselector (/Users/anthonyardisukotjo/Desktop/Github/RSSHub/node_modules/css-what/lib/commonjs/parse.js:172:19)\n    at parseSelector (/Users/anthonyardisukotjo/Desktop/Github/RSSHub/node_modules/css-what/lib/commonjs/parse.js:423:5)\n    at parse (/Users/anthonyardisukotjo/Desktop/Github/RSSHub/node_modules/css-what/lib/commonjs/parse.js:83:20)\n    at Object.select (/Users/anthonyardisukotjo/Desktop/Github/RSSHub/node_modules/cheerio-select/lib/index.js:191:68)\n    at LoadedCheerio.find (/Users/anthonyardisukotjo/Desktop/Github/RSSHub/node_modules/cheerio/lib/api/traversing.js:90:30)\n    at initialize (/Users/anthonyardisukotjo/Desktop/Github/RSSHub/node_modules/cheerio/lib/load.js:156:34)\n    at module.exports (/Users/anthonyardisukotjo/Desktop/Github/RSSHub/lib/v2/skiff/blog.js:11:19)\n    at process.processTicksAndRejections (node:internal/process/task_queues:95:5)\n    at async /Users/anthonyardisukotjo/Desktop/Github/RSSHub/node_modules/koa-mount/index.js:58:5\n    at async /Users/anthonyardisukotjo/Desktop/Github/RSSHub/node_modules/koa-mount/index.js:52:26"}
{"timestamp":"2023-12-03 05:10:58.790","level":"info","message":"/skiff/blog, user IP: ::ffff:127.0.0.1"}
{"timestamp":"2023-12-03 05:10:59.030","level":"error","message":"Error in /blog: Error: Empty sub-selector\n    at finalizeSubselector (/Users/anthonyardisukotjo/Desktop/Github/RSSHub/node_modules/css-what/lib/commonjs/parse.js:172:19)\n    at parseSelector (/Users/anthonyardisukotjo/Desktop/Github/RSSHub/node_modules/css-what/lib/commonjs/parse.js:423:5)\n    at parse (/Users/anthonyardisukotjo/Desktop/Github/RSSHub/node_modules/css-what/lib/commonjs/parse.js:83:20)\n    at Object.select (/Users/anthonyardisukotjo/Desktop/Github/RSSHub/node_modules/cheerio-select/lib/index.js:191:68)\n    at LoadedCheerio.find (/Users/anthonyardisukotjo/Desktop/Github/RSSHub/node_modules/cheerio/lib/api/traversing.js:90:30)\n    at initialize (/Users/anthonyardisukotjo/Desktop/Github/RSSHub/node_modules/cheerio/lib/load.js:156:34)\n    at module.exports (/Users/anthonyardisukotjo/Desktop/Github/RSSHub/lib/v2/skiff/blog.js:11:19)\n    at process.processTicksAndRejections (node:internal/process/task_queues:95:5)\n    at async /Users/anthonyardisukotjo/Desktop/Github/RSSHub/node_modules/koa-mount/index.js:58:5\n    at async /Users/anthonyardisukotjo/Desktop/Github/RSSHub/node_modules/koa-mount/index.js:52:26"}
{"timestamp":"2023-12-03 05:14:04.757","level":"info","message":"/skiff/blog, user IP: ::ffff:127.0.0.1"}
{"timestamp":"2023-12-03 05:14:05.122","level":"error","message":"Error in /blog: Error: Empty sub-selector\n    at finalizeSubselector (/Users/anthonyardisukotjo/Desktop/Github/RSSHub/node_modules/css-what/lib/commonjs/parse.js:172:19)\n    at parseSelector (/Users/anthonyardisukotjo/Desktop/Github/RSSHub/node_modules/css-what/lib/commonjs/parse.js:423:5)\n    at parse (/Users/anthonyardisukotjo/Desktop/Github/RSSHub/node_modules/css-what/lib/commonjs/parse.js:83:20)\n    at Object.select (/Users/anthonyardisukotjo/Desktop/Github/RSSHub/node_modules/cheerio-select/lib/index.js:191:68)\n    at LoadedCheerio.find (/Users/anthonyardisukotjo/Desktop/Github/RSSHub/node_modules/cheerio/lib/api/traversing.js:90:30)\n    at initialize (/Users/anthonyardisukotjo/Desktop/Github/RSSHub/node_modules/cheerio/lib/load.js:156:34)\n    at module.exports (/Users/anthonyardisukotjo/Desktop/Github/RSSHub/lib/v2/skiff/blog.js:11:19)\n    at process.processTicksAndRejections (node:internal/process/task_queues:95:5)\n    at async /Users/anthonyardisukotjo/Desktop/Github/RSSHub/node_modules/koa-mount/index.js:58:5\n    at async /Users/anthonyardisukotjo/Desktop/Github/RSSHub/node_modules/koa-mount/index.js:52:26"}
{"timestamp":"2023-12-03 05:14:08.050","level":"info","message":"/skiff/blog, user IP: ::ffff:127.0.0.1"}
{"timestamp":"2023-12-03 05:14:08.232","level":"error","message":"Error in /blog: Error: Empty sub-selector\n    at finalizeSubselector (/Users/anthonyardisukotjo/Desktop/Github/RSSHub/node_modules/css-what/lib/commonjs/parse.js:172:19)\n    at parseSelector (/Users/anthonyardisukotjo/Desktop/Github/RSSHub/node_modules/css-what/lib/commonjs/parse.js:423:5)\n    at parse (/Users/anthonyardisukotjo/Desktop/Github/RSSHub/node_modules/css-what/lib/commonjs/parse.js:83:20)\n    at Object.select (/Users/anthonyardisukotjo/Desktop/Github/RSSHub/node_modules/cheerio-select/lib/index.js:191:68)\n    at LoadedCheerio.find (/Users/anthonyardisukotjo/Desktop/Github/RSSHub/node_modules/cheerio/lib/api/traversing.js:90:30)\n    at initialize (/Users/anthonyardisukotjo/Desktop/Github/RSSHub/node_modules/cheerio/lib/load.js:156:34)\n    at module.exports (/Users/anthonyardisukotjo/Desktop/Github/RSSHub/lib/v2/skiff/blog.js:11:19)\n    at process.processTicksAndRejections (node:internal/process/task_queues:95:5)\n    at async /Users/anthonyardisukotjo/Desktop/Github/RSSHub/node_modules/koa-mount/index.js:58:5\n    at async /Users/anthonyardisukotjo/Desktop/Github/RSSHub/node_modules/koa-mount/index.js:52:26"}
{"timestamp":"2023-12-03 05:17:31.418","level":"info","message":"/skiff/blog, user IP: ::ffff:127.0.0.1"}
{"timestamp":"2023-12-03 05:17:31.796","level":"error","message":"Error in /blog: Error: Empty sub-selector\n    at finalizeSubselector (/Users/anthonyardisukotjo/Desktop/Github/RSSHub/node_modules/css-what/lib/commonjs/parse.js:172:19)\n    at parseSelector (/Users/anthonyardisukotjo/Desktop/Github/RSSHub/node_modules/css-what/lib/commonjs/parse.js:423:5)\n    at parse (/Users/anthonyardisukotjo/Desktop/Github/RSSHub/node_modules/css-what/lib/commonjs/parse.js:83:20)\n    at Object.select (/Users/anthonyardisukotjo/Desktop/Github/RSSHub/node_modules/cheerio-select/lib/index.js:191:68)\n    at LoadedCheerio.find (/Users/anthonyardisukotjo/Desktop/Github/RSSHub/node_modules/cheerio/lib/api/traversing.js:90:30)\n    at initialize (/Users/anthonyardisukotjo/Desktop/Github/RSSHub/node_modules/cheerio/lib/load.js:156:34)\n    at module.exports (/Users/anthonyardisukotjo/Desktop/Github/RSSHub/lib/v2/skiff/blog.js:11:19)\n    at process.processTicksAndRejections (node:internal/process/task_queues:95:5)\n    at async /Users/anthonyardisukotjo/Desktop/Github/RSSHub/node_modules/koa-mount/index.js:58:5\n    at async /Users/anthonyardisukotjo/Desktop/Github/RSSHub/node_modules/koa-mount/index.js:52:26"}
{"timestamp":"2023-12-03 05:17:36.629","level":"info","message":"/skiff/blog, user IP: ::ffff:127.0.0.1"}
{"timestamp":"2023-12-03 05:17:37.111","level":"error","message":"Error in /blog: Error: Empty sub-selector\n    at finalizeSubselector (/Users/anthonyardisukotjo/Desktop/Github/RSSHub/node_modules/css-what/lib/commonjs/parse.js:172:19)\n    at parseSelector (/Users/anthonyardisukotjo/Desktop/Github/RSSHub/node_modules/css-what/lib/commonjs/parse.js:423:5)\n    at parse (/Users/anthonyardisukotjo/Desktop/Github/RSSHub/node_modules/css-what/lib/commonjs/parse.js:83:20)\n    at Object.select (/Users/anthonyardisukotjo/Desktop/Github/RSSHub/node_modules/cheerio-select/lib/index.js:191:68)\n    at LoadedCheerio.find (/Users/anthonyardisukotjo/Desktop/Github/RSSHub/node_modules/cheerio/lib/api/traversing.js:90:30)\n    at initialize (/Users/anthonyardisukotjo/Desktop/Github/RSSHub/node_modules/cheerio/lib/load.js:156:34)\n    at module.exports (/Users/anthonyardisukotjo/Desktop/Github/RSSHub/lib/v2/skiff/blog.js:11:19)\n    at process.processTicksAndRejections (node:internal/process/task_queues:95:5)\n    at async /Users/anthonyardisukotjo/Desktop/Github/RSSHub/node_modules/koa-mount/index.js:58:5\n    at async /Users/anthonyardisukotjo/Desktop/Github/RSSHub/node_modules/koa-mount/index.js:52:26"}
{"timestamp":"2023-12-03 05:17:44.421","level":"info","message":"/skiff/blog, user IP: ::ffff:127.0.0.1"}
{"timestamp":"2023-12-03 05:17:44.704","level":"error","message":"Error in /blog: Error: Empty sub-selector\n    at finalizeSubselector (/Users/anthonyardisukotjo/Desktop/Github/RSSHub/node_modules/css-what/lib/commonjs/parse.js:172:19)\n    at parseSelector (/Users/anthonyardisukotjo/Desktop/Github/RSSHub/node_modules/css-what/lib/commonjs/parse.js:423:5)\n    at parse (/Users/anthonyardisukotjo/Desktop/Github/RSSHub/node_modules/css-what/lib/commonjs/parse.js:83:20)\n    at Object.select (/Users/anthonyardisukotjo/Desktop/Github/RSSHub/node_modules/cheerio-select/lib/index.js:191:68)\n    at LoadedCheerio.find (/Users/anthonyardisukotjo/Desktop/Github/RSSHub/node_modules/cheerio/lib/api/traversing.js:90:30)\n    at initialize (/Users/anthonyardisukotjo/Desktop/Github/RSSHub/node_modules/cheerio/lib/load.js:156:34)\n    at module.exports (/Users/anthonyardisukotjo/Desktop/Github/RSSHub/lib/v2/skiff/blog.js:11:19)\n    at process.processTicksAndRejections (node:internal/process/task_queues:95:5)\n    at async /Users/anthonyardisukotjo/Desktop/Github/RSSHub/node_modules/koa-mount/index.js:58:5\n    at async /Users/anthonyardisukotjo/Desktop/Github/RSSHub/node_modules/koa-mount/index.js:52:26"}
{"timestamp":"2023-12-03 05:18:18.047","level":"info","message":"/skiff/blog, user IP: ::ffff:127.0.0.1"}
{"timestamp":"2023-12-03 05:18:18.376","level":"error","message":"Error in /blog: Error: Empty sub-selector\n    at finalizeSubselector (/Users/anthonyardisukotjo/Desktop/Github/RSSHub/node_modules/css-what/lib/commonjs/parse.js:172:19)\n    at parseSelector (/Users/anthonyardisukotjo/Desktop/Github/RSSHub/node_modules/css-what/lib/commonjs/parse.js:423:5)\n    at parse (/Users/anthonyardisukotjo/Desktop/Github/RSSHub/node_modules/css-what/lib/commonjs/parse.js:83:20)\n    at Object.select (/Users/anthonyardisukotjo/Desktop/Github/RSSHub/node_modules/cheerio-select/lib/index.js:191:68)\n    at LoadedCheerio.find (/Users/anthonyardisukotjo/Desktop/Github/RSSHub/node_modules/cheerio/lib/api/traversing.js:90:30)\n    at initialize (/Users/anthonyardisukotjo/Desktop/Github/RSSHub/node_modules/cheerio/lib/load.js:156:34)\n    at module.exports (/Users/anthonyardisukotjo/Desktop/Github/RSSHub/lib/v2/skiff/blog.js:11:19)\n    at process.processTicksAndRejections (node:internal/process/task_queues:95:5)\n    at async /Users/anthonyardisukotjo/Desktop/Github/RSSHub/node_modules/koa-mount/index.js:58:5\n    at async /Users/anthonyardisukotjo/Desktop/Github/RSSHub/node_modules/koa-mount/index.js:52:26"}
{"timestamp":"2023-12-03 05:18:39.590","level":"info","message":"/skiff/blog, user IP: ::ffff:127.0.0.1"}
{"timestamp":"2023-12-03 05:18:39.909","level":"error","message":"Error in /blog: Error: Empty sub-selector\n    at finalizeSubselector (/Users/anthonyardisukotjo/Desktop/Github/RSSHub/node_modules/css-what/lib/commonjs/parse.js:172:19)\n    at parseSelector (/Users/anthonyardisukotjo/Desktop/Github/RSSHub/node_modules/css-what/lib/commonjs/parse.js:423:5)\n    at parse (/Users/anthonyardisukotjo/Desktop/Github/RSSHub/node_modules/css-what/lib/commonjs/parse.js:83:20)\n    at Object.select (/Users/anthonyardisukotjo/Desktop/Github/RSSHub/node_modules/cheerio-select/lib/index.js:191:68)\n    at LoadedCheerio.find (/Users/anthonyardisukotjo/Desktop/Github/RSSHub/node_modules/cheerio/lib/api/traversing.js:90:30)\n    at initialize (/Users/anthonyardisukotjo/Desktop/Github/RSSHub/node_modules/cheerio/lib/load.js:156:34)\n    at module.exports (/Users/anthonyardisukotjo/Desktop/Github/RSSHub/lib/v2/skiff/blog.js:11:19)\n    at process.processTicksAndRejections (node:internal/process/task_queues:95:5)\n    at async /Users/anthonyardisukotjo/Desktop/Github/RSSHub/node_modules/koa-mount/index.js:58:5\n    at async /Users/anthonyardisukotjo/Desktop/Github/RSSHub/node_modules/koa-mount/index.js:52:26"}
{"timestamp":"2023-12-03 05:18:41.851","level":"info","message":"/skiff/blog, user IP: ::ffff:127.0.0.1"}
{"timestamp":"2023-12-03 05:18:42.013","level":"error","message":"Error in /blog: Error: Empty sub-selector\n    at finalizeSubselector (/Users/anthonyardisukotjo/Desktop/Github/RSSHub/node_modules/css-what/lib/commonjs/parse.js:172:19)\n    at parseSelector (/Users/anthonyardisukotjo/Desktop/Github/RSSHub/node_modules/css-what/lib/commonjs/parse.js:423:5)\n    at parse (/Users/anthonyardisukotjo/Desktop/Github/RSSHub/node_modules/css-what/lib/commonjs/parse.js:83:20)\n    at Object.select (/Users/anthonyardisukotjo/Desktop/Github/RSSHub/node_modules/cheerio-select/lib/index.js:191:68)\n    at LoadedCheerio.find (/Users/anthonyardisukotjo/Desktop/Github/RSSHub/node_modules/cheerio/lib/api/traversing.js:90:30)\n    at initialize (/Users/anthonyardisukotjo/Desktop/Github/RSSHub/node_modules/cheerio/lib/load.js:156:34)\n    at module.exports (/Users/anthonyardisukotjo/Desktop/Github/RSSHub/lib/v2/skiff/blog.js:11:19)\n    at process.processTicksAndRejections (node:internal/process/task_queues:95:5)\n    at async /Users/anthonyardisukotjo/Desktop/Github/RSSHub/node_modules/koa-mount/index.js:58:5\n    at async /Users/anthonyardisukotjo/Desktop/Github/RSSHub/node_modules/koa-mount/index.js:52:26"}
{"timestamp":"2023-12-03 05:18:48.411","level":"info","message":"/skiff/blog, user IP: ::ffff:127.0.0.1"}
{"timestamp":"2023-12-03 05:18:48.617","level":"error","message":"Error in /blog: Error: Empty sub-selector\n    at finalizeSubselector (/Users/anthonyardisukotjo/Desktop/Github/RSSHub/node_modules/css-what/lib/commonjs/parse.js:172:19)\n    at parseSelector (/Users/anthonyardisukotjo/Desktop/Github/RSSHub/node_modules/css-what/lib/commonjs/parse.js:423:5)\n    at parse (/Users/anthonyardisukotjo/Desktop/Github/RSSHub/node_modules/css-what/lib/commonjs/parse.js:83:20)\n    at Object.select (/Users/anthonyardisukotjo/Desktop/Github/RSSHub/node_modules/cheerio-select/lib/index.js:191:68)\n    at LoadedCheerio.find (/Users/anthonyardisukotjo/Desktop/Github/RSSHub/node_modules/cheerio/lib/api/traversing.js:90:30)\n    at initialize (/Users/anthonyardisukotjo/Desktop/Github/RSSHub/node_modules/cheerio/lib/load.js:156:34)\n    at module.exports (/Users/anthonyardisukotjo/Desktop/Github/RSSHub/lib/v2/skiff/blog.js:11:19)\n    at process.processTicksAndRejections (node:internal/process/task_queues:95:5)\n    at async /Users/anthonyardisukotjo/Desktop/Github/RSSHub/node_modules/koa-mount/index.js:58:5\n    at async /Users/anthonyardisukotjo/Desktop/Github/RSSHub/node_modules/koa-mount/index.js:52:26"}
{"timestamp":"2023-12-03 05:18:56.657","level":"info","message":"Listening Port 1200"}
{"timestamp":"2023-12-03 05:18:56.660","level":"info","message":"🎉 RSSHub start! Cheers!"}
{"timestamp":"2023-12-03 05:18:56.660","level":"info","message":"💖 Can you help keep this open source project alive? Please sponsor 👉 https://docs.rsshub.app/support"}
{"timestamp":"2023-12-03 05:18:57.936","level":"info","message":"/skiff/blog, user IP: ::ffff:127.0.0.1"}
{"timestamp":"2023-12-03 05:19:20.186","level":"info","message":"/skiff/blog, user IP: ::ffff:127.0.0.1"}
{"timestamp":"2023-12-03 05:19:21.462","level":"info","message":"/skiff/blog, user IP: ::ffff:127.0.0.1"}
{"timestamp":"2023-12-03 06:05:52.272","level":"info","message":"Listening Port 1200"}
{"timestamp":"2023-12-03 06:05:52.275","level":"info","message":"🎉 RSSHub start! Cheers!"}
{"timestamp":"2023-12-03 06:05:52.276","level":"info","message":"💖 Can you help keep this open source project alive? Please sponsor 👉 https://docs.rsshub.app/support"}
{"timestamp":"2023-12-03 06:06:17.093","level":"info","message":"/, user IP: ::1"}
{"timestamp":"2023-12-03 06:06:23.748","level":"info","message":"/skiff, user IP: ::1"}
{"timestamp":"2023-12-03 06:06:23.789","level":"error","message":"Error in /skiff: Error: wrong path\n    at module.exports (/Users/anthonyardisukotjo/Desktop/Github/RSSHub/lib/middleware/parameter.js:54:15)\n    at async module.exports (/Users/anthonyardisukotjo/Desktop/Github/RSSHub/lib/middleware/anti-hotlink.js:99:5)\n    at async module.exports (/Users/anthonyardisukotjo/Desktop/Github/RSSHub/lib/middleware/template.js:15:5)\n    at async /Users/anthonyardisukotjo/Desktop/Github/RSSHub/lib/middleware/api-response-handler.js:143:9\n    at async module.exports (/Users/anthonyardisukotjo/Desktop/Github/RSSHub/lib/middleware/api-template.js:2:5)\n    at async module.exports (/Users/anthonyardisukotjo/Desktop/Github/RSSHub/lib/middleware/utf8.js:4:5)\n    at async module.exports (/Users/anthonyardisukotjo/Desktop/Github/RSSHub/lib/middleware/header.js:21:5)\n    at async module.exports (/Users/anthonyardisukotjo/Desktop/Github/RSSHub/lib/middleware/debug.js:9:5)\n    at async grant (/Users/anthonyardisukotjo/Desktop/Github/RSSHub/lib/middleware/access-control.js:24:13)\n    at async module.exports (/Users/anthonyardisukotjo/Desktop/Github/RSSHub/lib/middleware/onerror.js:32:9)"}
{"timestamp":"2023-12-03 06:06:27.072","level":"info","message":"/skiff/blog, user IP: ::1"}
{"timestamp":"2023-12-03 06:06:27.619","level":"error","message":"Error in /blog: TypeError: item.findAll is not a function\n    at /Users/anthonyardisukotjo/Desktop/Github/RSSHub/lib/v2/skiff/blog.js:16:32\n    at Array.map (<anonymous>)\n    at module.exports (/Users/anthonyardisukotjo/Desktop/Github/RSSHub/lib/v2/skiff/blog.js:14:10)\n    at process.processTicksAndRejections (node:internal/process/task_queues:95:5)\n    at async /Users/anthonyardisukotjo/Desktop/Github/RSSHub/node_modules/koa-mount/index.js:58:5\n    at async /Users/anthonyardisukotjo/Desktop/Github/RSSHub/node_modules/koa-mount/index.js:52:26\n    at async /Users/anthonyardisukotjo/Desktop/Github/RSSHub/lib/middleware/load-on-demand.js:29:9\n    at async /Users/anthonyardisukotjo/Desktop/Github/RSSHub/lib/middleware/cache/index.js:122:13\n    at async /Users/anthonyardisukotjo/Desktop/Github/RSSHub/node_modules/koa-mount/index.js:52:26\n    at async module.exports (/Users/anthonyardisukotjo/Desktop/Github/RSSHub/lib/middleware/parameter.js:51:5)"}
{"timestamp":"2023-12-03 06:07:32.302","level":"info","message":"/skiff/blog, user IP: ::1"}
{"timestamp":"2023-12-03 06:07:32.642","level":"error","message":"Error in /blog: TypeError: item.findAll is not a function\n    at /Users/anthonyardisukotjo/Desktop/Github/RSSHub/lib/v2/skiff/blog.js:16:32\n    at Array.map (<anonymous>)\n    at module.exports (/Users/anthonyardisukotjo/Desktop/Github/RSSHub/lib/v2/skiff/blog.js:14:10)\n    at process.processTicksAndRejections (node:internal/process/task_queues:95:5)\n    at async /Users/anthonyardisukotjo/Desktop/Github/RSSHub/node_modules/koa-mount/index.js:58:5\n    at async /Users/anthonyardisukotjo/Desktop/Github/RSSHub/node_modules/koa-mount/index.js:52:26\n    at async /Users/anthonyardisukotjo/Desktop/Github/RSSHub/lib/middleware/load-on-demand.js:29:9\n    at async /Users/anthonyardisukotjo/Desktop/Github/RSSHub/lib/middleware/cache/index.js:122:13\n    at async /Users/anthonyardisukotjo/Desktop/Github/RSSHub/node_modules/koa-mount/index.js:52:26\n    at async module.exports (/Users/anthonyardisukotjo/Desktop/Github/RSSHub/lib/middleware/parameter.js:51:5)"}
{"timestamp":"2023-12-03 06:07:42.527","level":"info","message":"Listening Port 1200"}
{"timestamp":"2023-12-03 06:07:42.530","level":"info","message":"🎉 RSSHub start! Cheers!"}
{"timestamp":"2023-12-03 06:07:42.531","level":"info","message":"💖 Can you help keep this open source project alive? Please sponsor 👉 https://docs.rsshub.app/support"}
{"timestamp":"2023-12-03 06:07:44.712","level":"info","message":"/skiff/blog, user IP: ::1"}
{"timestamp":"2023-12-03 06:09:24.765","level":"info","message":"/, user IP: 2605:ad80:80:701d:f107:7e7e:5b17:27e4"}
{"timestamp":"2023-12-03 06:09:31.107","level":"info","message":"/, user IP: 51.79.78.15"}
{"timestamp":"2023-12-03 06:09:32.884","level":"info","message":"/, user IP: 51.79.78.15"}
{"timestamp":"2023-12-03 06:09:34.611","level":"info","message":"/, user IP: 2605:ad80:80:701d:f107:7e7e:5b17:27e4"}
{"timestamp":"2023-12-03 06:09:44.720","level":"info","message":"/skiff/blog, user IP: 51.79.78.15"}
{"timestamp":"2023-12-03 06:12:52.910","level":"info","message":"Listening Port 1200"}
{"timestamp":"2023-12-03 06:12:52.913","level":"info","message":"🎉 RSSHub start! Cheers!"}
{"timestamp":"2023-12-03 06:12:52.914","level":"info","message":"💖 Can you help keep this open source project alive? Please sponsor 👉 https://docs.rsshub.app/support"}
{"timestamp":"2023-12-03 06:12:56.325","level":"info","message":"/skiff/blog, user IP: ::1"}
{"timestamp":"2023-12-03 06:13:14.117","level":"info","message":"/skiff/blog, user IP: 51.79.78.15"}
{"timestamp":"2023-12-03 06:15:17.350","level":"info","message":"/skiff/blog, user IP: ::1"}
{"timestamp":"2023-12-03 06:22:35.762","level":"info","message":"Listening Port 1200"}
{"timestamp":"2023-12-03 06:22:35.764","level":"info","message":"🎉 RSSHub start! Cheers!"}
{"timestamp":"2023-12-03 06:22:35.765","level":"info","message":"💖 Can you help keep this open source project alive? Please sponsor 👉 https://docs.rsshub.app/support"}
{"timestamp":"2023-12-03 06:22:40.427","level":"info","message":"/, user IP: 2605:ad80:80:701d:f107:7e7e:5b17:27e4"}
{"timestamp":"2023-12-03 06:22:41.233","level":"info","message":"/, user IP: 2605:ad80:80:701d:f107:7e7e:5b17:27e4"}
{"timestamp":"2023-12-03 06:22:48.070","level":"info","message":"/skiff/blog, user IP: 2605:ad80:80:701d:f107:7e7e:5b17:27e4"}
{"timestamp":"2023-12-03 06:23:08.190","level":"info","message":"Listening Port 1200"}
{"timestamp":"2023-12-03 06:23:08.193","level":"info","message":"🎉 RSSHub start! Cheers!"}
{"timestamp":"2023-12-03 06:23:08.193","level":"info","message":"💖 Can you help keep this open source project alive? Please sponsor 👉 https://docs.rsshub.app/support"}
{"timestamp":"2023-12-03 06:23:10.295","level":"info","message":"/skiff/blog, user IP: 2605:ad80:80:701d:f107:7e7e:5b17:27e4"}
{"timestamp":"2023-12-03 06:23:48.418","level":"info","message":"Listening Port 1200"}
{"timestamp":"2023-12-03 06:23:48.421","level":"info","message":"🎉 RSSHub start! Cheers!"}
{"timestamp":"2023-12-03 06:23:48.423","level":"info","message":"💖 Can you help keep this open source project alive? Please sponsor 👉 https://docs.rsshub.app/support"}
{"timestamp":"2023-12-03 06:23:50.071","level":"info","message":"/skiff/blog, user IP: 2605:ad80:80:701d:f107:7e7e:5b17:27e4"}
{"timestamp":"2023-12-03 06:24:12.737","level":"info","message":"/skiff/blog, user IP: ::1"}
{"timestamp":"2023-12-03 06:24:16.180","level":"info","message":"/skiff/, user IP: ::1"}
{"timestamp":"2023-12-03 06:24:16.229","level":"error","message":"Error in /skiff/: Error: wrong path\n    at module.exports (/Users/anthonyardisukotjo/Desktop/Github/RSSHub/lib/middleware/parameter.js:54:15)\n    at async module.exports (/Users/anthonyardisukotjo/Desktop/Github/RSSHub/lib/middleware/anti-hotlink.js:99:5)\n    at async module.exports (/Users/anthonyardisukotjo/Desktop/Github/RSSHub/lib/middleware/template.js:15:5)\n    at async /Users/anthonyardisukotjo/Desktop/Github/RSSHub/lib/middleware/api-response-handler.js:143:9\n    at async module.exports (/Users/anthonyardisukotjo/Desktop/Github/RSSHub/lib/middleware/api-template.js:2:5)\n    at async module.exports (/Users/anthonyardisukotjo/Desktop/Github/RSSHub/lib/middleware/utf8.js:4:5)\n    at async module.exports (/Users/anthonyardisukotjo/Desktop/Github/RSSHub/lib/middleware/header.js:21:5)\n    at async module.exports (/Users/anthonyardisukotjo/Desktop/Github/RSSHub/lib/middleware/debug.js:9:5)\n    at async grant (/Users/anthonyardisukotjo/Desktop/Github/RSSHub/lib/middleware/access-control.js:24:13)\n    at async module.exports (/Users/anthonyardisukotjo/Desktop/Github/RSSHub/lib/middleware/onerror.js:32:9)"}
{"timestamp":"2023-12-03 06:24:18.786","level":"info","message":"/, user IP: ::1"}
{"timestamp":"2023-12-03 06:24:29.530","level":"info","message":"/ruby-china, user IP: ::1"}
{"timestamp":"2023-12-03 06:24:29.532","level":"error","message":"Error in /ruby-china: Error: wrong path\n    at module.exports (/Users/anthonyardisukotjo/Desktop/Github/RSSHub/lib/middleware/parameter.js:54:15)\n    at async module.exports (/Users/anthonyardisukotjo/Desktop/Github/RSSHub/lib/middleware/anti-hotlink.js:99:5)\n    at async module.exports (/Users/anthonyardisukotjo/Desktop/Github/RSSHub/lib/middleware/template.js:15:5)\n    at async /Users/anthonyardisukotjo/Desktop/Github/RSSHub/lib/middleware/api-response-handler.js:143:9\n    at async module.exports (/Users/anthonyardisukotjo/Desktop/Github/RSSHub/lib/middleware/api-template.js:2:5)\n    at async module.exports (/Users/anthonyardisukotjo/Desktop/Github/RSSHub/lib/middleware/utf8.js:4:5)\n    at async module.exports (/Users/anthonyardisukotjo/Desktop/Github/RSSHub/lib/middleware/header.js:21:5)\n    at async module.exports (/Users/anthonyardisukotjo/Desktop/Github/RSSHub/lib/middleware/debug.js:9:5)\n    at async grant (/Users/anthonyardisukotjo/Desktop/Github/RSSHub/lib/middleware/access-control.js:24:13)\n    at async module.exports (/Users/anthonyardisukotjo/Desktop/Github/RSSHub/lib/middleware/onerror.js:32:9)"}
{"timestamp":"2023-12-03 06:25:01.366","level":"info","message":"/ruby-china, user IP: ::1"}
{"timestamp":"2023-12-03 06:25:01.370","level":"error","message":"Error in /ruby-china: Error: wrong path\n    at module.exports (/Users/anthonyardisukotjo/Desktop/Github/RSSHub/lib/middleware/parameter.js:54:15)\n    at async module.exports (/Users/anthonyardisukotjo/Desktop/Github/RSSHub/lib/middleware/anti-hotlink.js:99:5)\n    at async module.exports (/Users/anthonyardisukotjo/Desktop/Github/RSSHub/lib/middleware/template.js:15:5)\n    at async /Users/anthonyardisukotjo/Desktop/Github/RSSHub/lib/middleware/api-response-handler.js:143:9\n    at async module.exports (/Users/anthonyardisukotjo/Desktop/Github/RSSHub/lib/middleware/api-template.js:2:5)\n    at async module.exports (/Users/anthonyardisukotjo/Desktop/Github/RSSHub/lib/middleware/utf8.js:4:5)\n    at async module.exports (/Users/anthonyardisukotjo/Desktop/Github/RSSHub/lib/middleware/header.js:21:5)\n    at async module.exports (/Users/anthonyardisukotjo/Desktop/Github/RSSHub/lib/middleware/debug.js:9:5)\n    at async grant (/Users/anthonyardisukotjo/Desktop/Github/RSSHub/lib/middleware/access-control.js:24:13)\n    at async module.exports (/Users/anthonyardisukotjo/Desktop/Github/RSSHub/lib/middleware/onerror.js:32:9)"}
{"timestamp":"2023-12-03 06:25:04.625","level":"info","message":"/, user IP: ::1"}
{"timestamp":"2023-12-03 06:26:15.840","level":"info","message":"/skiff/blog, user IP: ::1"}
{"timestamp":"2023-12-03 06:26:18.462","level":"info","message":"/, user IP: ::1"}
{"timestamp":"2023-12-03 06:42:03.198","level":"info","message":"Listening Port 1200"}
{"timestamp":"2023-12-03 06:42:03.202","level":"info","message":"🎉 RSSHub start! Cheers!"}
{"timestamp":"2023-12-03 06:42:03.203","level":"info","message":"💖 Can you help keep this open source project alive? Please sponsor 👉 https://docs.rsshub.app/support"}
{"timestamp":"2023-12-03 06:42:15.968","level":"info","message":"/, user IP: ::1"}
{"timestamp":"2023-12-03 06:43:36.459","level":"info","message":"/, user IP: ::1"}
{"timestamp":"2023-12-03 06:43:40.442","level":"info","message":"/, user IP: ::1"}
{"timestamp":"2023-12-03 06:43:47.688","level":"info","message":"/, user IP: ::1"}
{"timestamp":"2023-12-03 06:44:05.985","level":"info","message":"/, user IP: ::1"}
{"timestamp":"2023-12-03 06:44:07.021","level":"info","message":"/, user IP: ::1"}
{"timestamp":"2023-12-03 06:44:11.731","level":"info","message":"Listening Port 1200"}
{"timestamp":"2023-12-03 06:44:11.734","level":"info","message":"🎉 RSSHub start! Cheers!"}
{"timestamp":"2023-12-03 06:44:11.734","level":"info","message":"💖 Can you help keep this open source project alive? Please sponsor 👉 https://docs.rsshub.app/support"}
{"timestamp":"2023-12-03 06:44:13.813","level":"info","message":"/, user IP: ::1"}
{"timestamp":"2023-12-03 06:44:14.490","level":"info","message":"/, user IP: ::1"}
{"timestamp":"2023-12-03 06:44:44.485","level":"info","message":"/, user IP: ::1"}
{"timestamp":"2023-12-03 06:45:30.458","level":"info","message":"/, user IP: ::1"}
{"timestamp":"2023-12-03 06:46:27.683","level":"info","message":"/, user IP: ::1"}
{"timestamp":"2023-12-03 06:46:29.340","level":"info","message":"/skiff/blog, user IP: ::1"}
{"timestamp":"2023-12-03 06:48:24.882","level":"info","message":"/skiff/blog, user IP: ::1"}
{"timestamp":"2023-12-03 06:48:26.088","level":"info","message":"/skiff/blog, user IP: ::1"}
{"timestamp":"2023-12-03 06:48:32.648","level":"info","message":"Listening Port 1200"}
{"timestamp":"2023-12-03 06:48:32.651","level":"info","message":"🎉 RSSHub start! Cheers!"}
{"timestamp":"2023-12-03 06:48:32.652","level":"info","message":"💖 Can you help keep this open source project alive? Please sponsor 👉 https://docs.rsshub.app/support"}
{"timestamp":"2023-12-03 06:48:40.912","level":"info","message":"/skiff/blog, user IP: ::1"}
{"timestamp":"2023-12-03 06:50:31.571","level":"info","message":"Listening Port 1200"}
{"timestamp":"2023-12-03 06:50:31.573","level":"info","message":"🎉 RSSHub start! Cheers!"}
{"timestamp":"2023-12-03 06:50:31.574","level":"info","message":"💖 Can you help keep this open source project alive? Please sponsor 👉 https://docs.rsshub.app/support"}
{"timestamp":"2023-12-03 06:50:34.556","level":"info","message":"/skiff/blog, user IP: ::1"}
{"timestamp":"2023-12-03 06:50:36.128","level":"info","message":"/skiff/blog, user IP: ::1"}
{"timestamp":"2023-12-03 06:50:37.236","level":"info","message":"/skiff/blog, user IP: ::1"}
{"timestamp":"2023-12-03 06:51:06.801","level":"info","message":"/skiff/blog, user IP: ::1"}
{"timestamp":"2023-12-03 06:51:13.330","level":"info","message":"/skiff/blog, user IP: ::1"}
{"timestamp":"2023-12-03 07:03:31.361","level":"info","message":"Listening Port 1200"}
{"timestamp":"2023-12-03 07:03:31.363","level":"info","message":"🎉 RSSHub starts! Cheers!"}
{"timestamp":"2023-12-03 07:03:31.364","level":"info","message":"🎉 View the Skiff Blog RSS Feed here http://localhost:1200/skiff/blog"}
{"timestamp":"2023-12-03 07:03:31.364","level":"info","message":"💖 Can you help keep this open source project alive? Please sponsor 👉 https://docs.rsshub.app/support"}
{"timestamp":"2023-12-03 07:03:32.908","level":"info","message":"/skiff/blog, user IP: ::1"}
{"timestamp":"2023-12-03 07:03:35.823","level":"info","message":"/skiff/blog, user IP: ::1"}
